[debug] [2022-10-17T22:09:33.108Z] ----------------------------------------------------------------------
[debug] [2022-10-17T22:09:33.111Z] Command:       C:\Program Files\nodejs\node.exe C:\Users\user\AppData\Roaming\npm\node_modules\firebase-tools\lib\bin\firebase.js deploy
[debug] [2022-10-17T22:09:33.111Z] CLI Version:   11.14.4
[debug] [2022-10-17T22:09:33.112Z] Platform:      win32
[debug] [2022-10-17T22:09:33.112Z] Node Version:  v16.17.0
[debug] [2022-10-17T22:09:33.113Z] Time:          Tue Oct 18 2022 05:09:33 GMT+0700 (Western Indonesia Time)
[debug] [2022-10-17T22:09:33.113Z] ----------------------------------------------------------------------
[debug] 
[debug] [2022-10-17T22:09:33.215Z] > command requires scopes: ["email","openid","https://www.googleapis.com/auth/cloudplatformprojects.readonly","https://www.googleapis.com/auth/firebase","https://www.googleapis.com/auth/cloud-platform"]
[debug] [2022-10-17T22:09:33.216Z] > authorizing via signed-in user (sepriandanni@gmail.com)
[debug] [2022-10-17T22:09:33.216Z] [iam] checking project mofecweb for permissions ["firebase.projects.get","firebasedatabase.instances.update","firebasehosting.sites.update"]
[debug] [2022-10-17T22:09:33.220Z] >>> [apiv2][query] POST https://cloudresourcemanager.googleapis.com/v1/projects/mofecweb:testIamPermissions [none]
[debug] [2022-10-17T22:09:33.220Z] >>> [apiv2][(partial)header] POST https://cloudresourcemanager.googleapis.com/v1/projects/mofecweb:testIamPermissions x-goog-quota-user=projects/mofecweb
[debug] [2022-10-17T22:09:33.221Z] >>> [apiv2][body] POST https://cloudresourcemanager.googleapis.com/v1/projects/mofecweb:testIamPermissions {"permissions":["firebase.projects.get","firebasedatabase.instances.update","firebasehosting.sites.update"]}
[debug] [2022-10-17T22:09:54.280Z] [iam] error while checking permissions, command may fail: FirebaseError: Failed to make request to https://cloudresourcemanager.googleapis.com/v1/projects/mofecweb:testIamPermissions
[debug] [2022-10-17T22:09:54.286Z] >>> [apiv2][query] GET https://firebase.googleapis.com/v1beta1/projects/mofecweb [none]
[debug] [2022-10-17T22:10:15.305Z] Failed to make request to https://firebase.googleapis.com/v1beta1/projects/mofecweb
[debug] [2022-10-17T22:10:20.335Z] Error: Timed out.
    at Timeout._onTimeout (C:\Users\user\AppData\Roaming\npm\node_modules\firebase-tools\lib\utils.js:253:49)
    at listOnTimeout (node:internal/timers:559:17)
    at processTimers (node:internal/timers:502:7)
[error] 
[error] Error: An unexpected error has occurred.
